Removed Pin From Net: NetName=POL Pin=U6-8
Removed Pin From Net: NetName=CLK Pin=U6-9
Removed Pin From Net: NetName=LE Pin=U6-10
Removed Pin From Net: NetName=DIN4 Pin=U6-11
Removed Pin From Net: NetName=AD0 Pin=U6-14
Removed Pin From Net: NetName=AD1 Pin=U6-15
Removed Pin From Net: NetName=AD2 Pin=U6-16
Removed Pin From Net: NetName=AD3 Pin=U6-17
Removed Pin From Net: NetName=AD4 Pin=U6-20
Removed Pin From Net: NetName=AD5 Pin=U6-21
Removed Pin From Net: NetName=AD6 Pin=U6-22
Removed Pin From Net: NetName=AD7 Pin=U6-23
Removed Pin From Net: NetName=DIN3 Pin=U6-24
Removed Pin From Net: NetName=DIN2 Pin=U6-25
Removed Pin From Net: NetName=LED1 Pin=U6-29
Removed Pin From Net: NetName=LED2 Pin=U6-30
Removed Pin From Net: NetName=LED3 Pin=U6-33
Removed Pin From Net: NetName=LED4 Pin=U6-34
Removed Pin From Net: NetName=LED5 Pin=U6-35
Removed Pin From Net: NetName=LED6 Pin=U6-36
Removed Pin From Net: NetName=DIN1 Pin=U6-37
Removed Pin From Net: NetName=DOT1 Pin=U6-38
Removed Pin From Net: NetName=DOT2 Pin=U6-39
Removed Pin From Net: NetName=DOT3 Pin=U6-40
Removed Pin From Net: NetName=IRQ Pin=U6-41
Removed Pin From Net: NetName=DS Pin=U6-42
Removed Pin From Net: NetName=RW Pin=U6-43
Removed Pin From Net: NetName=AS Pin=U6-44
Removed Pin From Net: NetName=CS Pin=U6-45
Removed Pin From Net: NetName=DOT4 Pin=U6-51
Removed Pin From Net: NetName=INFRARED_DATA Pin=U6-61
Removed Pin From Net: NetName=TD_SWITCH Pin=U6-62
Change Net Name : Old Net Name=JTCK New Net Name=PA14
Change Net Name : Old Net Name=JTDI New Net Name=PA15
Change Net Name : Old Net Name=JTDO New Net Name=PB3
Change Net Name : Old Net Name=JTMS New Net Name=PA13
Change Net Name : Old Net Name=JTRST New Net Name=PB4
Added Pin To Net: NetName=PA0 Pin=U6-14
Added Net: Name=PA0
Added Pin To Net: NetName=PA1 Pin=U6-15
Added Net: Name=PA1
Added Pin To Net: NetName=PA2 Pin=U6-16
Added Net: Name=PA2
Added Pin To Net: NetName=PA3 Pin=U6-17
Added Net: Name=PA3
Added Pin To Net: NetName=PA4 Pin=U6-20
Added Net: Name=PA4
Added Pin To Net: NetName=PA5 Pin=U6-21
Added Net: Name=PA5
Added Pin To Net: NetName=PA6 Pin=U6-22
Added Net: Name=PA6
Added Pin To Net: NetName=PA7 Pin=U6-23
Added Net: Name=PA7
Added Pin To Net: NetName=PA8 Pin=U6-41
Added Net: Name=PA8
Added Pin To Net: NetName=PA9 Pin=U6-42
Added Net: Name=PA9
Added Pin To Net: NetName=PA10 Pin=U6-43
Added Net: Name=PA10
Added Pin To Net: NetName=PA11 Pin=U6-44
Added Net: Name=PA11
Added Pin To Net: NetName=PA12 Pin=U6-45
Added Net: Name=PA12
Added Pin To Net: NetName=PB0 Pin=U6-26
Added Net: Name=PB0
Added Pin To Net: NetName=PB1 Pin=U6-27
Added Net: Name=PB1
Added Pin To Net: NetName=PB5 Pin=U6-57
Added Net: Name=PB5
Added Pin To Net: NetName=PB6 Pin=U6-58
Added Net: Name=PB6
Added Pin To Net: NetName=PB7 Pin=U6-59
Added Net: Name=PB7
Added Pin To Net: NetName=PB8 Pin=U6-61
Added Net: Name=PB8
Added Pin To Net: NetName=PB9 Pin=U6-62
Added Net: Name=PB9
Added Pin To Net: NetName=PB10 Pin=U6-29
Added Net: Name=PB10
Added Pin To Net: NetName=PB11 Pin=U6-30
Added Net: Name=PB11
Added Pin To Net: NetName=PB12 Pin=U6-33
Added Net: Name=PB12
Added Pin To Net: NetName=PB13 Pin=U6-34
Added Net: Name=PB13
Added Pin To Net: NetName=PB14 Pin=U6-35
Added Net: Name=PB14
Added Pin To Net: NetName=PB15 Pin=U6-36
Added Net: Name=PB15
Added Pin To Net: NetName=PC0 Pin=U6-8
Added Net: Name=PC0
Added Pin To Net: NetName=PC1 Pin=U6-9
Added Net: Name=PC1
Added Pin To Net: NetName=PC2 Pin=U6-10
Added Net: Name=PC2
Added Pin To Net: NetName=PC3 Pin=U6-11
Added Net: Name=PC3
Added Pin To Net: NetName=PC4 Pin=U6-24
Added Net: Name=PC4
Added Pin To Net: NetName=PC5 Pin=U6-25
Added Net: Name=PC5
Added Pin To Net: NetName=PC6 Pin=U6-37
Added Net: Name=PC6
Added Pin To Net: NetName=PC7 Pin=U6-38
Added Net: Name=PC7
Added Pin To Net: NetName=PC8 Pin=U6-39
Added Net: Name=PC8
Added Pin To Net: NetName=PC9 Pin=U6-40
Added Net: Name=PC9
Added Pin To Net: NetName=PC10 Pin=U6-51
Added Net: Name=PC10
Added Pin To Net: NetName=PC11 Pin=U6-52
Added Net: Name=PC11
Added Pin To Net: NetName=PC12 Pin=U6-53
Added Net: Name=PC12
Added Pin To Net: NetName=PC13 Pin=U6-2
Added Net: Name=PC13
Added Pin To Net: NetName=PC14 Pin=U6-3
Added Net: Name=PC14
Added Pin To Net: NetName=PC15 Pin=U6-4
Added Net: Name=PC15
